{"C:\\Users\\Amir\\Documents\\mybrand_backend\\src\\index.js": {"path":"C:\\Users\\Amir\\Documents\\mybrand_backend\\src\\index.js","statementMap":{"0":{"start":{"line":9,"column":0},"end":{"line":9,"column":15}},"1":{"start":{"line":11,"column":12},"end":{"line":11,"column":21}},"2":{"start":{"line":12,"column":13},"end":{"line":12,"column":17}},"3":{"start":{"line":15,"column":0},"end":{"line":15,"column":113}},"4":{"start":{"line":15,"column":95},"end":{"line":15,"column":111}},"5":{"start":{"line":17,"column":0},"end":{"line":17,"column":23}},"6":{"start":{"line":18,"column":0},"end":{"line":18,"column":15}},"7":{"start":{"line":19,"column":0},"end":{"line":19,"column":21}},"8":{"start":{"line":20,"column":0},"end":{"line":20,"column":23}},"9":{"start":{"line":21,"column":0},"end":{"line":21,"column":22}},"10":{"start":{"line":23,"column":0},"end":{"line":23,"column":69}},"11":{"start":{"line":23,"column":27},"end":{"line":23,"column":68}},"12":{"start":{"line":30,"column":0},"end":{"line":32,"column":3}},"13":{"start":{"line":31,"column":4},"end":{"line":31,"column":52}}},"fnMap":{"0":{"name":"(anonymous_0)","decl":{"start":{"line":15,"column":88},"end":{"line":15,"column":89}},"loc":{"start":{"line":15,"column":95},"end":{"line":15,"column":111}},"line":15},"1":{"name":"(anonymous_1)","decl":{"start":{"line":23,"column":13},"end":{"line":23,"column":14}},"loc":{"start":{"line":23,"column":27},"end":{"line":23,"column":68}},"line":23},"2":{"name":"(anonymous_2)","decl":{"start":{"line":30,"column":17},"end":{"line":30,"column":18}},"loc":{"start":{"line":30,"column":23},"end":{"line":32,"column":1}},"line":30}},"branchMap":{},"s":{"0":1,"1":1,"2":1,"3":1,"4":0,"5":1,"6":1,"7":1,"8":1,"9":1,"10":1,"11":0,"12":1,"13":1},"f":{"0":0,"1":0,"2":1},"b":{},"_coverageSchema":"1a1c01bbd47fc00a2c39e90264f33305004495a9","hash":"e987c918e8a88e7322d03484f847bee4a53709ca"}
,"C:\\Users\\Amir\\Documents\\mybrand_backend\\src\\controllers\\blogs.controllers.js": {"path":"C:\\Users\\Amir\\Documents\\mybrand_backend\\src\\controllers\\blogs.controllers.js","statementMap":{"0":{"start":{"line":6,"column":0},"end":{"line":6,"column":15}},"1":{"start":{"line":7,"column":18},"end":{"line":7,"column":39}},"2":{"start":{"line":9,"column":20},"end":{"line":44,"column":5}},"3":{"start":{"line":13,"column":4},"end":{"line":43,"column":7}},"4":{"start":{"line":14,"column":6},"end":{"line":14,"column":80}},"5":{"start":{"line":14,"column":21},"end":{"line":14,"column":80}},"6":{"start":{"line":16,"column":20},"end":{"line":16,"column":54}},"7":{"start":{"line":19,"column":33},"end":{"line":19,"column":41}},"8":{"start":{"line":21,"column":24},"end":{"line":21,"column":53}},"9":{"start":{"line":23,"column":8},"end":{"line":25,"column":9}},"10":{"start":{"line":24,"column":10},"end":{"line":24,"column":89}},"11":{"start":{"line":27,"column":21},"end":{"line":33,"column":10}},"12":{"start":{"line":36,"column":8},"end":{"line":36,"column":75}},"13":{"start":{"line":39,"column":8},"end":{"line":42,"column":11}},"14":{"start":{"line":48,"column":17},"end":{"line":63,"column":3}},"15":{"start":{"line":49,"column":2},"end":{"line":62,"column":3}},"16":{"start":{"line":50,"column":4},"end":{"line":58,"column":7}},"17":{"start":{"line":51,"column":20},"end":{"line":51,"column":22}},"18":{"start":{"line":53,"column":6},"end":{"line":55,"column":9}},"19":{"start":{"line":54,"column":8},"end":{"line":54,"column":35}},"20":{"start":{"line":57,"column":6},"end":{"line":57,"column":37}},"21":{"start":{"line":61,"column":4},"end":{"line":61,"column":51}},"22":{"start":{"line":67,"column":16},"end":{"line":79,"column":3}},"23":{"start":{"line":68,"column":2},"end":{"line":78,"column":3}},"24":{"start":{"line":69,"column":4},"end":{"line":74,"column":8}},"25":{"start":{"line":71,"column":8},"end":{"line":71,"column":72}},"26":{"start":{"line":71,"column":18},"end":{"line":71,"column":72}},"27":{"start":{"line":73,"column":8},"end":{"line":73,"column":101}},"28":{"start":{"line":77,"column":4},"end":{"line":77,"column":51}},"29":{"start":{"line":83,"column":21},"end":{"line":95,"column":3}},"30":{"start":{"line":84,"column":4},"end":{"line":93,"column":5}},"31":{"start":{"line":85,"column":6},"end":{"line":89,"column":10}},"32":{"start":{"line":87,"column":10},"end":{"line":87,"column":74}},"33":{"start":{"line":87,"column":20},"end":{"line":87,"column":74}},"34":{"start":{"line":88,"column":10},"end":{"line":88,"column":57}},"35":{"start":{"line":92,"column":6},"end":{"line":92,"column":53}},"36":{"start":{"line":99,"column":19},"end":{"line":111,"column":1}},"37":{"start":{"line":100,"column":2},"end":{"line":110,"column":3}},"38":{"start":{"line":101,"column":4},"end":{"line":106,"column":8}},"39":{"start":{"line":103,"column":8},"end":{"line":103,"column":74}},"40":{"start":{"line":103,"column":19},"end":{"line":103,"column":74}},"41":{"start":{"line":105,"column":8},"end":{"line":105,"column":83}},"42":{"start":{"line":109,"column":4},"end":{"line":109,"column":51}}},"fnMap":{"0":{"name":"(anonymous_0)","decl":{"start":{"line":9,"column":20},"end":{"line":9,"column":21}},"loc":{"start":{"line":9,"column":40},"end":{"line":44,"column":5}},"line":9},"1":{"name":"(anonymous_1)","decl":{"start":{"line":48,"column":17},"end":{"line":48,"column":18}},"loc":{"start":{"line":48,"column":31},"end":{"line":63,"column":3}},"line":48},"2":{"name":"(anonymous_2)","decl":{"start":{"line":50,"column":19},"end":{"line":50,"column":20}},"loc":{"start":{"line":50,"column":35},"end":{"line":58,"column":5}},"line":50},"3":{"name":"(anonymous_3)","decl":{"start":{"line":53,"column":20},"end":{"line":53,"column":21}},"loc":{"start":{"line":53,"column":28},"end":{"line":55,"column":7}},"line":53},"4":{"name":"(anonymous_4)","decl":{"start":{"line":67,"column":16},"end":{"line":67,"column":17}},"loc":{"start":{"line":67,"column":29},"end":{"line":79,"column":3}},"line":67},"5":{"name":"(anonymous_5)","decl":{"start":{"line":70,"column":12},"end":{"line":70,"column":13}},"loc":{"start":{"line":70,"column":19},"end":{"line":74,"column":7}},"line":70},"6":{"name":"(anonymous_6)","decl":{"start":{"line":83,"column":21},"end":{"line":83,"column":22}},"loc":{"start":{"line":83,"column":41},"end":{"line":95,"column":3}},"line":83},"7":{"name":"(anonymous_7)","decl":{"start":{"line":86,"column":14},"end":{"line":86,"column":15}},"loc":{"start":{"line":86,"column":22},"end":{"line":89,"column":9}},"line":86},"8":{"name":"(anonymous_8)","decl":{"start":{"line":99,"column":19},"end":{"line":99,"column":20}},"loc":{"start":{"line":99,"column":33},"end":{"line":111,"column":1}},"line":99},"9":{"name":"(anonymous_9)","decl":{"start":{"line":102,"column":12},"end":{"line":102,"column":13}},"loc":{"start":{"line":102,"column":20},"end":{"line":106,"column":7}},"line":102}},"branchMap":{"0":{"loc":{"start":{"line":14,"column":6},"end":{"line":14,"column":80}},"type":"if","locations":[{"start":{"line":14,"column":6},"end":{"line":14,"column":80}},{"start":{},"end":{}}],"line":14},"1":{"loc":{"start":{"line":23,"column":8},"end":{"line":25,"column":9}},"type":"if","locations":[{"start":{"line":23,"column":8},"end":{"line":25,"column":9}},{"start":{},"end":{}}],"line":23},"2":{"loc":{"start":{"line":71,"column":8},"end":{"line":71,"column":72}},"type":"if","locations":[{"start":{"line":71,"column":8},"end":{"line":71,"column":72}},{"start":{},"end":{}}],"line":71},"3":{"loc":{"start":{"line":87,"column":10},"end":{"line":87,"column":74}},"type":"if","locations":[{"start":{"line":87,"column":10},"end":{"line":87,"column":74}},{"start":{},"end":{}}],"line":87},"4":{"loc":{"start":{"line":103,"column":8},"end":{"line":103,"column":74}},"type":"if","locations":[{"start":{"line":103,"column":8},"end":{"line":103,"column":74}},{"start":{},"end":{}}],"line":103}},"s":{"0":1,"1":1,"2":1,"3":0,"4":0,"5":0,"6":0,"7":0,"8":0,"9":0,"10":0,"11":0,"12":0,"13":0,"14":1,"15":0,"16":0,"17":0,"18":0,"19":0,"20":0,"21":0,"22":1,"23":0,"24":0,"25":0,"26":0,"27":0,"28":0,"29":1,"30":0,"31":0,"32":0,"33":0,"34":0,"35":0,"36":1,"37":0,"38":0,"39":0,"40":0,"41":0,"42":0},"f":{"0":0,"1":0,"2":0,"3":0,"4":0,"5":0,"6":0,"7":0,"8":0,"9":0},"b":{"0":[0,0],"1":[0,0],"2":[0,0],"3":[0,0],"4":[0,0]},"_coverageSchema":"1a1c01bbd47fc00a2c39e90264f33305004495a9","hash":"74216bb269a3b239b23d4e3c22f2295e4227e381"}
,"C:\\Users\\Amir\\Documents\\mybrand_backend\\src\\controllers\\comments.controller.js": {"path":"C:\\Users\\Amir\\Documents\\mybrand_backend\\src\\controllers\\comments.controller.js","statementMap":{"0":{"start":{"line":5,"column":16},"end":{"line":20,"column":1}},"1":{"start":{"line":6,"column":2},"end":{"line":19,"column":3}},"2":{"start":{"line":7,"column":15},"end":{"line":7,"column":28}},"3":{"start":{"line":8,"column":21},"end":{"line":12,"column":4}},"4":{"start":{"line":14,"column":1},"end":{"line":14,"column":22}},"5":{"start":{"line":15,"column":2},"end":{"line":15,"column":60}},"6":{"start":{"line":18,"column":4},"end":{"line":18,"column":51}},"7":{"start":{"line":24,"column":20},"end":{"line":40,"column":1}},"8":{"start":{"line":25,"column":2},"end":{"line":38,"column":3}},"9":{"start":{"line":27,"column":15},"end":{"line":27,"column":28}},"10":{"start":{"line":28,"column":4},"end":{"line":35,"column":7}},"11":{"start":{"line":29,"column":8},"end":{"line":34,"column":9}},"12":{"start":{"line":30,"column":12},"end":{"line":30,"column":60}},"13":{"start":{"line":33,"column":12},"end":{"line":33,"column":83}},"14":{"start":{"line":37,"column":4},"end":{"line":37,"column":51}},"15":{"start":{"line":44,"column":22},"end":{"line":56,"column":3}},"16":{"start":{"line":45,"column":2},"end":{"line":55,"column":3}},"17":{"start":{"line":46,"column":4},"end":{"line":51,"column":8}},"18":{"start":{"line":48,"column":8},"end":{"line":48,"column":78}},"19":{"start":{"line":48,"column":22},"end":{"line":48,"column":78}},"20":{"start":{"line":50,"column":8},"end":{"line":50,"column":80}},"21":{"start":{"line":54,"column":4},"end":{"line":54,"column":51}},"22":{"start":{"line":60,"column":22},"end":{"line":72,"column":3}},"23":{"start":{"line":61,"column":2},"end":{"line":71,"column":3}},"24":{"start":{"line":62,"column":4},"end":{"line":67,"column":8}},"25":{"start":{"line":64,"column":8},"end":{"line":64,"column":78}},"26":{"start":{"line":64,"column":22},"end":{"line":64,"column":78}},"27":{"start":{"line":66,"column":8},"end":{"line":66,"column":80}},"28":{"start":{"line":70,"column":4},"end":{"line":70,"column":51}}},"fnMap":{"0":{"name":"(anonymous_0)","decl":{"start":{"line":5,"column":16},"end":{"line":5,"column":17}},"loc":{"start":{"line":5,"column":36},"end":{"line":20,"column":1}},"line":5},"1":{"name":"(anonymous_1)","decl":{"start":{"line":24,"column":20},"end":{"line":24,"column":21}},"loc":{"start":{"line":24,"column":40},"end":{"line":40,"column":1}},"line":24},"2":{"name":"(anonymous_2)","decl":{"start":{"line":28,"column":30},"end":{"line":28,"column":31}},"loc":{"start":{"line":28,"column":51},"end":{"line":35,"column":5}},"line":28},"3":{"name":"(anonymous_3)","decl":{"start":{"line":44,"column":22},"end":{"line":44,"column":23}},"loc":{"start":{"line":44,"column":36},"end":{"line":56,"column":3}},"line":44},"4":{"name":"(anonymous_4)","decl":{"start":{"line":47,"column":12},"end":{"line":47,"column":13}},"loc":{"start":{"line":47,"column":23},"end":{"line":51,"column":7}},"line":47},"5":{"name":"(anonymous_5)","decl":{"start":{"line":60,"column":22},"end":{"line":60,"column":23}},"loc":{"start":{"line":60,"column":36},"end":{"line":72,"column":3}},"line":60},"6":{"name":"(anonymous_6)","decl":{"start":{"line":63,"column":12},"end":{"line":63,"column":13}},"loc":{"start":{"line":63,"column":23},"end":{"line":67,"column":7}},"line":63}},"branchMap":{"0":{"loc":{"start":{"line":29,"column":8},"end":{"line":34,"column":9}},"type":"if","locations":[{"start":{"line":29,"column":8},"end":{"line":34,"column":9}},{"start":{"line":32,"column":12},"end":{"line":34,"column":9}}],"line":29},"1":{"loc":{"start":{"line":48,"column":8},"end":{"line":48,"column":78}},"type":"if","locations":[{"start":{"line":48,"column":8},"end":{"line":48,"column":78}},{"start":{},"end":{}}],"line":48},"2":{"loc":{"start":{"line":64,"column":8},"end":{"line":64,"column":78}},"type":"if","locations":[{"start":{"line":64,"column":8},"end":{"line":64,"column":78}},{"start":{},"end":{}}],"line":64}},"s":{"0":1,"1":0,"2":0,"3":0,"4":0,"5":0,"6":0,"7":1,"8":0,"9":0,"10":0,"11":0,"12":0,"13":0,"14":0,"15":1,"16":0,"17":0,"18":0,"19":0,"20":0,"21":0,"22":1,"23":0,"24":0,"25":0,"26":0,"27":0,"28":0},"f":{"0":0,"1":0,"2":0,"3":0,"4":0,"5":0,"6":0},"b":{"0":[0,0],"1":[0,0],"2":[0,0]},"_coverageSchema":"1a1c01bbd47fc00a2c39e90264f33305004495a9","hash":"07cc83633035d470ba0cf0f70ffeb58b9fee50ff"}
,"C:\\Users\\Amir\\Documents\\mybrand_backend\\src\\controllers\\messages.controller.js": {"path":"C:\\Users\\Amir\\Documents\\mybrand_backend\\src\\controllers\\messages.controller.js","statementMap":{"0":{"start":{"line":4,"column":0},"end":{"line":4,"column":15}},"1":{"start":{"line":6,"column":18},"end":{"line":6,"column":39}},"2":{"start":{"line":8,"column":13},"end":{"line":27,"column":2}},"3":{"start":{"line":9,"column":2},"end":{"line":25,"column":3}},"4":{"start":{"line":10,"column":4},"end":{"line":21,"column":5}},"5":{"start":{"line":11,"column":8},"end":{"line":11,"column":64}},"6":{"start":{"line":14,"column":25},"end":{"line":17,"column":8}},"7":{"start":{"line":19,"column":5},"end":{"line":19,"column":26}},"8":{"start":{"line":20,"column":5},"end":{"line":20,"column":63}},"9":{"start":{"line":24,"column":4},"end":{"line":24,"column":51}},"10":{"start":{"line":29,"column":21},"end":{"line":44,"column":3}},"11":{"start":{"line":30,"column":3},"end":{"line":43,"column":4}},"12":{"start":{"line":32,"column":5},"end":{"line":40,"column":8}},"13":{"start":{"line":33,"column":24},"end":{"line":33,"column":26}},"14":{"start":{"line":35,"column":7},"end":{"line":37,"column":10}},"15":{"start":{"line":36,"column":9},"end":{"line":36,"column":44}},"16":{"start":{"line":39,"column":7},"end":{"line":39,"column":28}},"17":{"start":{"line":42,"column":4},"end":{"line":42,"column":51}},"18":{"start":{"line":45,"column":24},"end":{"line":57,"column":3}},"19":{"start":{"line":46,"column":4},"end":{"line":56,"column":5}},"20":{"start":{"line":47,"column":6},"end":{"line":52,"column":8}},"21":{"start":{"line":49,"column":8},"end":{"line":49,"column":80}},"22":{"start":{"line":49,"column":22},"end":{"line":49,"column":80}},"23":{"start":{"line":51,"column":8},"end":{"line":51,"column":81}},"24":{"start":{"line":55,"column":6},"end":{"line":55,"column":53}}},"fnMap":{"0":{"name":"(anonymous_0)","decl":{"start":{"line":8,"column":13},"end":{"line":8,"column":14}},"loc":{"start":{"line":8,"column":33},"end":{"line":27,"column":2}},"line":8},"1":{"name":"(anonymous_1)","decl":{"start":{"line":29,"column":21},"end":{"line":29,"column":22}},"loc":{"start":{"line":29,"column":35},"end":{"line":44,"column":3}},"line":29},"2":{"name":"(anonymous_2)","decl":{"start":{"line":32,"column":22},"end":{"line":32,"column":23}},"loc":{"start":{"line":32,"column":41},"end":{"line":40,"column":6}},"line":32},"3":{"name":"(anonymous_3)","decl":{"start":{"line":35,"column":24},"end":{"line":35,"column":25}},"loc":{"start":{"line":35,"column":35},"end":{"line":37,"column":8}},"line":35},"4":{"name":"(anonymous_4)","decl":{"start":{"line":45,"column":24},"end":{"line":45,"column":25}},"loc":{"start":{"line":45,"column":38},"end":{"line":57,"column":3}},"line":45},"5":{"name":"(anonymous_5)","decl":{"start":{"line":48,"column":12},"end":{"line":48,"column":13}},"loc":{"start":{"line":48,"column":23},"end":{"line":52,"column":7}},"line":48}},"branchMap":{"0":{"loc":{"start":{"line":10,"column":4},"end":{"line":21,"column":5}},"type":"if","locations":[{"start":{"line":10,"column":4},"end":{"line":21,"column":5}},{"start":{"line":12,"column":10},"end":{"line":21,"column":5}}],"line":10},"1":{"loc":{"start":{"line":49,"column":8},"end":{"line":49,"column":80}},"type":"if","locations":[{"start":{"line":49,"column":8},"end":{"line":49,"column":80}},{"start":{},"end":{}}],"line":49}},"s":{"0":1,"1":1,"2":1,"3":0,"4":0,"5":0,"6":0,"7":0,"8":0,"9":0,"10":1,"11":0,"12":0,"13":0,"14":0,"15":0,"16":0,"17":0,"18":1,"19":0,"20":0,"21":0,"22":0,"23":0,"24":0},"f":{"0":0,"1":0,"2":0,"3":0,"4":0,"5":0},"b":{"0":[0,0],"1":[0,0]},"_coverageSchema":"1a1c01bbd47fc00a2c39e90264f33305004495a9","hash":"b2ec53dba14c440b42cf30e27786eb547e507053"}
,"C:\\Users\\Amir\\Documents\\mybrand_backend\\src\\controllers\\user.controllers.js": {"path":"C:\\Users\\Amir\\Documents\\mybrand_backend\\src\\controllers\\user.controllers.js","statementMap":{"0":{"start":{"line":8,"column":0},"end":{"line":8,"column":16}},"1":{"start":{"line":12,"column":17},"end":{"line":44,"column":1}},"2":{"start":{"line":14,"column":4},"end":{"line":43,"column":7}},"3":{"start":{"line":15,"column":43},"end":{"line":15,"column":51}},"4":{"start":{"line":18,"column":24},"end":{"line":18,"column":53}},"5":{"start":{"line":20,"column":8},"end":{"line":37,"column":9}},"6":{"start":{"line":21,"column":10},"end":{"line":21,"column":91}},"7":{"start":{"line":25,"column":36},"end":{"line":25,"column":67}},"8":{"start":{"line":28,"column":23},"end":{"line":34,"column":12}},"9":{"start":{"line":36,"column":10},"end":{"line":36,"column":79}},"10":{"start":{"line":41,"column":8},"end":{"line":41,"column":65}},"11":{"start":{"line":50,"column":14},"end":{"line":89,"column":1}},"12":{"start":{"line":53,"column":2},"end":{"line":88,"column":3}},"13":{"start":{"line":55,"column":32},"end":{"line":55,"column":40}},"14":{"start":{"line":58,"column":4},"end":{"line":60,"column":5}},"15":{"start":{"line":59,"column":6},"end":{"line":59,"column":65}},"16":{"start":{"line":62,"column":17},"end":{"line":62,"column":46}},"17":{"start":{"line":64,"column":4},"end":{"line":78,"column":5}},"18":{"start":{"line":66,"column":20},"end":{"line":70,"column":7}},"19":{"start":{"line":73,"column":6},"end":{"line":73,"column":25}},"20":{"start":{"line":75,"column":46},"end":{"line":75,"column":55}},"21":{"start":{"line":77,"column":6},"end":{"line":77,"column":73}},"22":{"start":{"line":80,"column":5},"end":{"line":80,"column":59}},"23":{"start":{"line":83,"column":4},"end":{"line":86,"column":7}},"24":{"start":{"line":92,"column":17},"end":{"line":107,"column":1}},"25":{"start":{"line":93,"column":2},"end":{"line":106,"column":3}},"26":{"start":{"line":95,"column":4},"end":{"line":103,"column":7}},"27":{"start":{"line":96,"column":20},"end":{"line":96,"column":22}},"28":{"start":{"line":98,"column":6},"end":{"line":100,"column":9}},"29":{"start":{"line":99,"column":8},"end":{"line":99,"column":32}},"30":{"start":{"line":102,"column":6},"end":{"line":102,"column":24}},"31":{"start":{"line":105,"column":4},"end":{"line":105,"column":51}},"32":{"start":{"line":110,"column":16},"end":{"line":121,"column":1}},"33":{"start":{"line":111,"column":2},"end":{"line":120,"column":3}},"34":{"start":{"line":112,"column":4},"end":{"line":116,"column":8}},"35":{"start":{"line":114,"column":8},"end":{"line":114,"column":72}},"36":{"start":{"line":114,"column":18},"end":{"line":114,"column":72}},"37":{"start":{"line":115,"column":8},"end":{"line":115,"column":87}},"38":{"start":{"line":119,"column":4},"end":{"line":119,"column":51}},"39":{"start":{"line":123,"column":19},"end":{"line":138,"column":3}},"40":{"start":{"line":124,"column":2},"end":{"line":137,"column":3}},"41":{"start":{"line":125,"column":4},"end":{"line":128,"column":5}},"42":{"start":{"line":126,"column":32},"end":{"line":126,"column":72}},"43":{"start":{"line":127,"column":6},"end":{"line":127,"column":44}},"44":{"start":{"line":129,"column":4},"end":{"line":133,"column":8}},"45":{"start":{"line":131,"column":8},"end":{"line":131,"column":72}},"46":{"start":{"line":131,"column":18},"end":{"line":131,"column":72}},"47":{"start":{"line":132,"column":8},"end":{"line":132,"column":55}},"48":{"start":{"line":136,"column":4},"end":{"line":136,"column":51}},"49":{"start":{"line":143,"column":19},"end":{"line":155,"column":1}},"50":{"start":{"line":144,"column":2},"end":{"line":154,"column":3}},"51":{"start":{"line":145,"column":4},"end":{"line":150,"column":8}},"52":{"start":{"line":147,"column":8},"end":{"line":147,"column":74}},"53":{"start":{"line":147,"column":19},"end":{"line":147,"column":74}},"54":{"start":{"line":149,"column":8},"end":{"line":149,"column":69}},"55":{"start":{"line":153,"column":4},"end":{"line":153,"column":51}}},"fnMap":{"0":{"name":"(anonymous_0)","decl":{"start":{"line":12,"column":17},"end":{"line":12,"column":18}},"loc":{"start":{"line":12,"column":37},"end":{"line":44,"column":1}},"line":12},"1":{"name":"(anonymous_1)","decl":{"start":{"line":50,"column":14},"end":{"line":50,"column":15}},"loc":{"start":{"line":50,"column":34},"end":{"line":89,"column":1}},"line":50},"2":{"name":"(anonymous_2)","decl":{"start":{"line":92,"column":17},"end":{"line":92,"column":18}},"loc":{"start":{"line":92,"column":31},"end":{"line":107,"column":1}},"line":92},"3":{"name":"(anonymous_3)","decl":{"start":{"line":95,"column":18},"end":{"line":95,"column":19}},"loc":{"start":{"line":95,"column":34},"end":{"line":103,"column":5}},"line":95},"4":{"name":"(anonymous_4)","decl":{"start":{"line":98,"column":20},"end":{"line":98,"column":21}},"loc":{"start":{"line":98,"column":28},"end":{"line":100,"column":7}},"line":98},"5":{"name":"(anonymous_5)","decl":{"start":{"line":110,"column":16},"end":{"line":110,"column":17}},"loc":{"start":{"line":110,"column":29},"end":{"line":121,"column":1}},"line":110},"6":{"name":"(anonymous_6)","decl":{"start":{"line":113,"column":12},"end":{"line":113,"column":13}},"loc":{"start":{"line":113,"column":19},"end":{"line":116,"column":7}},"line":113},"7":{"name":"(anonymous_7)","decl":{"start":{"line":123,"column":19},"end":{"line":123,"column":20}},"loc":{"start":{"line":123,"column":39},"end":{"line":138,"column":3}},"line":123},"8":{"name":"(anonymous_8)","decl":{"start":{"line":130,"column":12},"end":{"line":130,"column":13}},"loc":{"start":{"line":130,"column":20},"end":{"line":133,"column":7}},"line":130},"9":{"name":"(anonymous_9)","decl":{"start":{"line":143,"column":19},"end":{"line":143,"column":20}},"loc":{"start":{"line":143,"column":39},"end":{"line":155,"column":1}},"line":143},"10":{"name":"(anonymous_10)","decl":{"start":{"line":146,"column":12},"end":{"line":146,"column":13}},"loc":{"start":{"line":146,"column":20},"end":{"line":150,"column":7}},"line":146}},"branchMap":{"0":{"loc":{"start":{"line":20,"column":8},"end":{"line":37,"column":9}},"type":"if","locations":[{"start":{"line":20,"column":8},"end":{"line":37,"column":9}},{"start":{"line":22,"column":13},"end":{"line":37,"column":9}}],"line":20},"1":{"loc":{"start":{"line":58,"column":4},"end":{"line":60,"column":5}},"type":"if","locations":[{"start":{"line":58,"column":4},"end":{"line":60,"column":5}},{"start":{},"end":{}}],"line":58},"2":{"loc":{"start":{"line":58,"column":10},"end":{"line":58,"column":27}},"type":"binary-expr","locations":[{"start":{"line":58,"column":10},"end":{"line":58,"column":15}},{"start":{"line":58,"column":19},"end":{"line":58,"column":27}}],"line":58},"3":{"loc":{"start":{"line":64,"column":4},"end":{"line":78,"column":5}},"type":"if","locations":[{"start":{"line":64,"column":4},"end":{"line":78,"column":5}},{"start":{},"end":{}}],"line":64},"4":{"loc":{"start":{"line":64,"column":8},"end":{"line":64,"column":63}},"type":"binary-expr","locations":[{"start":{"line":64,"column":8},"end":{"line":64,"column":12}},{"start":{"line":64,"column":17},"end":{"line":64,"column":62}}],"line":64},"5":{"loc":{"start":{"line":114,"column":8},"end":{"line":114,"column":72}},"type":"if","locations":[{"start":{"line":114,"column":8},"end":{"line":114,"column":72}},{"start":{},"end":{}}],"line":114},"6":{"loc":{"start":{"line":125,"column":4},"end":{"line":128,"column":5}},"type":"if","locations":[{"start":{"line":125,"column":4},"end":{"line":128,"column":5}},{"start":{},"end":{}}],"line":125},"7":{"loc":{"start":{"line":131,"column":8},"end":{"line":131,"column":72}},"type":"if","locations":[{"start":{"line":131,"column":8},"end":{"line":131,"column":72}},{"start":{},"end":{}}],"line":131},"8":{"loc":{"start":{"line":147,"column":8},"end":{"line":147,"column":74}},"type":"if","locations":[{"start":{"line":147,"column":8},"end":{"line":147,"column":74}},{"start":{},"end":{}}],"line":147}},"s":{"0":1,"1":1,"2":5,"3":5,"4":5,"5":3,"6":3,"7":0,"8":0,"9":0,"10":0,"11":1,"12":0,"13":0,"14":0,"15":0,"16":0,"17":0,"18":0,"19":0,"20":0,"21":0,"22":0,"23":0,"24":1,"25":0,"26":0,"27":0,"28":0,"29":0,"30":0,"31":0,"32":1,"33":0,"34":0,"35":0,"36":0,"37":0,"38":0,"39":1,"40":0,"41":0,"42":0,"43":0,"44":0,"45":0,"46":0,"47":0,"48":0,"49":1,"50":0,"51":0,"52":0,"53":0,"54":0,"55":0},"f":{"0":5,"1":0,"2":0,"3":0,"4":0,"5":0,"6":0,"7":0,"8":0,"9":0,"10":0},"b":{"0":[3,0],"1":[0,0],"2":[0,0],"3":[0,0],"4":[0,0],"5":[0,0],"6":[0,0],"7":[0,0],"8":[0,0]},"_coverageSchema":"1a1c01bbd47fc00a2c39e90264f33305004495a9","hash":"75942d3d41ef10fac8c7b1e9711792fe522e107d"}
,"C:\\Users\\Amir\\Documents\\mybrand_backend\\src\\helper\\cloudinary.js": {"path":"C:\\Users\\Amir\\Documents\\mybrand_backend\\src\\helper\\cloudinary.js","statementMap":{"0":{"start":{"line":3,"column":0},"end":{"line":3,"column":14}},"1":{"start":{"line":4,"column":0},"end":{"line":8,"column":3}},"2":{"start":{"line":9,"column":29},"end":{"line":22,"column":1}},"3":{"start":{"line":10,"column":2},"end":{"line":21,"column":3}},"4":{"start":{"line":11,"column":18},"end":{"line":14,"column":6}},"5":{"start":{"line":15,"column":4},"end":{"line":15,"column":17}},"6":{"start":{"line":17,"column":4},"end":{"line":20,"column":7}}},"fnMap":{"0":{"name":"(anonymous_0)","decl":{"start":{"line":9,"column":29},"end":{"line":9,"column":30}},"loc":{"start":{"line":9,"column":50},"end":{"line":22,"column":1}},"line":9}},"branchMap":{},"s":{"0":1,"1":1,"2":1,"3":0,"4":0,"5":0,"6":0},"f":{"0":0},"b":{},"_coverageSchema":"1a1c01bbd47fc00a2c39e90264f33305004495a9","hash":"6ba4b35941eb6b51121b6aec1d9f7226e4a6d547"}
,"C:\\Users\\Amir\\Documents\\mybrand_backend\\src\\helper\\multer.js": {"path":"C:\\Users\\Amir\\Documents\\mybrand_backend\\src\\helper\\multer.js","statementMap":{"0":{"start":{"line":4,"column":16},"end":{"line":4,"column":38}},"1":{"start":{"line":5,"column":19},"end":{"line":14,"column":1}},"2":{"start":{"line":6,"column":20},"end":{"line":6,"column":38}},"3":{"start":{"line":7,"column":18},"end":{"line":7,"column":79}},"4":{"start":{"line":8,"column":19},"end":{"line":8,"column":48}},"5":{"start":{"line":10,"column":2},"end":{"line":12,"column":3}},"6":{"start":{"line":11,"column":4},"end":{"line":11,"column":26}},"7":{"start":{"line":13,"column":2},"end":{"line":13,"column":34}},"8":{"start":{"line":15,"column":22},"end":{"line":20,"column":2}}},"fnMap":{"0":{"name":"(anonymous_0)","decl":{"start":{"line":5,"column":19},"end":{"line":5,"column":20}},"loc":{"start":{"line":5,"column":38},"end":{"line":14,"column":1}},"line":5}},"branchMap":{"0":{"loc":{"start":{"line":10,"column":2},"end":{"line":12,"column":3}},"type":"if","locations":[{"start":{"line":10,"column":2},"end":{"line":12,"column":3}},{"start":{},"end":{}}],"line":10},"1":{"loc":{"start":{"line":10,"column":6},"end":{"line":10,"column":25}},"type":"binary-expr","locations":[{"start":{"line":10,"column":6},"end":{"line":10,"column":14}},{"start":{"line":10,"column":18},"end":{"line":10,"column":25}}],"line":10}},"s":{"0":1,"1":1,"2":0,"3":0,"4":0,"5":0,"6":0,"7":0,"8":1},"f":{"0":0},"b":{"0":[0,0],"1":[0,0]},"_coverageSchema":"1a1c01bbd47fc00a2c39e90264f33305004495a9","hash":"913aa57e6ebf7772866c72932b16154d4895956c"}
,"C:\\Users\\Amir\\Documents\\mybrand_backend\\src\\middleware\\auth.js": {"path":"C:\\Users\\Amir\\Documents\\mybrand_backend\\src\\middleware\\auth.js","statementMap":{"0":{"start":{"line":4,"column":0},"end":{"line":4,"column":16}},"1":{"start":{"line":6,"column":18},"end":{"line":6,"column":39}},"2":{"start":{"line":8,"column":13},"end":{"line":19,"column":3}},"3":{"start":{"line":9,"column":18},"end":{"line":9,"column":57}},"4":{"start":{"line":10,"column":4},"end":{"line":10,"column":90}},"5":{"start":{"line":10,"column":16},"end":{"line":10,"column":90}},"6":{"start":{"line":11,"column":4},"end":{"line":18,"column":5}},"7":{"start":{"line":12,"column":21},"end":{"line":12,"column":49}},"8":{"start":{"line":13,"column":21},"end":{"line":13,"column":27}},"9":{"start":{"line":14,"column":6},"end":{"line":14,"column":22}},"10":{"start":{"line":15,"column":6},"end":{"line":15,"column":20}},"11":{"start":{"line":17,"column":6},"end":{"line":17,"column":63}},"12":{"start":{"line":21,"column":16},"end":{"line":40,"column":3}},"13":{"start":{"line":22,"column":18},"end":{"line":22,"column":57}},"14":{"start":{"line":24,"column":4},"end":{"line":26,"column":5}},"15":{"start":{"line":25,"column":6},"end":{"line":25,"column":78}},"16":{"start":{"line":28,"column":17},"end":{"line":28,"column":45}},"17":{"start":{"line":29,"column":19},"end":{"line":29,"column":23}},"18":{"start":{"line":30,"column":4},"end":{"line":38,"column":5}},"19":{"start":{"line":31,"column":6},"end":{"line":31,"column":23}},"20":{"start":{"line":32,"column":6},"end":{"line":32,"column":105}},"21":{"start":{"line":35,"column":6},"end":{"line":35,"column":29}},"22":{"start":{"line":36,"column":6},"end":{"line":36,"column":26}},"23":{"start":{"line":37,"column":6},"end":{"line":37,"column":13}}},"fnMap":{"0":{"name":"(anonymous_0)","decl":{"start":{"line":8,"column":13},"end":{"line":8,"column":14}},"loc":{"start":{"line":8,"column":33},"end":{"line":19,"column":3}},"line":8},"1":{"name":"(anonymous_1)","decl":{"start":{"line":21,"column":16},"end":{"line":21,"column":17}},"loc":{"start":{"line":21,"column":36},"end":{"line":40,"column":3}},"line":21}},"branchMap":{"0":{"loc":{"start":{"line":10,"column":4},"end":{"line":10,"column":90}},"type":"if","locations":[{"start":{"line":10,"column":4},"end":{"line":10,"column":90}},{"start":{},"end":{}}],"line":10},"1":{"loc":{"start":{"line":24,"column":4},"end":{"line":26,"column":5}},"type":"if","locations":[{"start":{"line":24,"column":4},"end":{"line":26,"column":5}},{"start":{},"end":{}}],"line":24},"2":{"loc":{"start":{"line":30,"column":4},"end":{"line":38,"column":5}},"type":"if","locations":[{"start":{"line":30,"column":4},"end":{"line":38,"column":5}},{"start":{"line":34,"column":9},"end":{"line":38,"column":5}}],"line":30}},"s":{"0":1,"1":1,"2":1,"3":0,"4":0,"5":0,"6":0,"7":0,"8":0,"9":0,"10":0,"11":0,"12":1,"13":0,"14":0,"15":0,"16":0,"17":0,"18":0,"19":0,"20":0,"21":0,"22":0,"23":0},"f":{"0":0,"1":0},"b":{"0":[0,0],"1":[0,0],"2":[0,0]},"_coverageSchema":"1a1c01bbd47fc00a2c39e90264f33305004495a9","hash":"4ce92f04b9cf1a8ede6aa55d6736d86e5742988c"}
,"C:\\Users\\Amir\\Documents\\mybrand_backend\\src\\middleware\\validations\\blogs.validation.js": {"path":"C:\\Users\\Amir\\Documents\\mybrand_backend\\src\\middleware\\validations\\blogs.validation.js","statementMap":{"0":{"start":{"line":3,"column":25},"end":{"line":12,"column":1}},"1":{"start":{"line":4,"column":22},"end":{"line":4,"column":68}},"2":{"start":{"line":6,"column":4},"end":{"line":10,"column":5}},"3":{"start":{"line":7,"column":8},"end":{"line":7,"column":56}},"4":{"start":{"line":9,"column":8},"end":{"line":9,"column":14}},"5":{"start":{"line":13,"column":24},"end":{"line":21,"column":1}},"6":{"start":{"line":14,"column":27},"end":{"line":14,"column":35}},"7":{"start":{"line":16,"column":4},"end":{"line":18,"column":8}},"8":{"start":{"line":17,"column":8},"end":{"line":17,"column":74}},"9":{"start":{"line":20,"column":6},"end":{"line":20,"column":12}}},"fnMap":{"0":{"name":"(anonymous_0)","decl":{"start":{"line":3,"column":25},"end":{"line":3,"column":26}},"loc":{"start":{"line":3,"column":45},"end":{"line":12,"column":1}},"line":3},"1":{"name":"(anonymous_1)","decl":{"start":{"line":13,"column":24},"end":{"line":13,"column":25}},"loc":{"start":{"line":13,"column":46},"end":{"line":21,"column":1}},"line":13}},"branchMap":{"0":{"loc":{"start":{"line":6,"column":4},"end":{"line":10,"column":5}},"type":"if","locations":[{"start":{"line":6,"column":4},"end":{"line":10,"column":5}},{"start":{"line":8,"column":10},"end":{"line":10,"column":5}}],"line":6},"1":{"loc":{"start":{"line":16,"column":4},"end":{"line":18,"column":8}},"type":"if","locations":[{"start":{"line":16,"column":4},"end":{"line":18,"column":8}},{"start":{},"end":{}}],"line":16},"2":{"loc":{"start":{"line":16,"column":10},"end":{"line":16,"column":24}},"type":"binary-expr","locations":[{"start":{"line":16,"column":10},"end":{"line":16,"column":15}},{"start":{"line":16,"column":19},"end":{"line":16,"column":24}}],"line":16}},"s":{"0":1,"1":0,"2":0,"3":0,"4":0,"5":1,"6":0,"7":0,"8":0,"9":0},"f":{"0":0,"1":0},"b":{"0":[0,0],"1":[0,0],"2":[0,0]},"_coverageSchema":"1a1c01bbd47fc00a2c39e90264f33305004495a9","hash":"cbcf4451cb03bbb14e0cc8e06caacfa74842f403"}
,"C:\\Users\\Amir\\Documents\\mybrand_backend\\src\\middleware\\validations\\comments.validation.js": {"path":"C:\\Users\\Amir\\Documents\\mybrand_backend\\src\\middleware\\validations\\comments.validation.js","statementMap":{"0":{"start":{"line":3,"column":28},"end":{"line":12,"column":1}},"1":{"start":{"line":4,"column":22},"end":{"line":4,"column":68}},"2":{"start":{"line":6,"column":4},"end":{"line":10,"column":5}},"3":{"start":{"line":7,"column":8},"end":{"line":7,"column":59}},"4":{"start":{"line":9,"column":8},"end":{"line":9,"column":14}}},"fnMap":{"0":{"name":"(anonymous_0)","decl":{"start":{"line":3,"column":28},"end":{"line":3,"column":29}},"loc":{"start":{"line":3,"column":48},"end":{"line":12,"column":1}},"line":3}},"branchMap":{"0":{"loc":{"start":{"line":6,"column":4},"end":{"line":10,"column":5}},"type":"if","locations":[{"start":{"line":6,"column":4},"end":{"line":10,"column":5}},{"start":{"line":8,"column":10},"end":{"line":10,"column":5}}],"line":6}},"s":{"0":1,"1":0,"2":0,"3":0,"4":0},"f":{"0":0},"b":{"0":[0,0]},"_coverageSchema":"1a1c01bbd47fc00a2c39e90264f33305004495a9","hash":"feff9608bbf7a9b1ba5de83354f35abd2573f9cf"}
,"C:\\Users\\Amir\\Documents\\mybrand_backend\\src\\middleware\\validations\\messages.validation.js": {"path":"C:\\Users\\Amir\\Documents\\mybrand_backend\\src\\middleware\\validations\\messages.validation.js","statementMap":{"0":{"start":{"line":3,"column":28},"end":{"line":12,"column":1}},"1":{"start":{"line":4,"column":22},"end":{"line":4,"column":68}},"2":{"start":{"line":6,"column":4},"end":{"line":10,"column":5}},"3":{"start":{"line":7,"column":8},"end":{"line":7,"column":59}},"4":{"start":{"line":9,"column":8},"end":{"line":9,"column":14}}},"fnMap":{"0":{"name":"(anonymous_0)","decl":{"start":{"line":3,"column":28},"end":{"line":3,"column":29}},"loc":{"start":{"line":3,"column":48},"end":{"line":12,"column":1}},"line":3}},"branchMap":{"0":{"loc":{"start":{"line":6,"column":4},"end":{"line":10,"column":5}},"type":"if","locations":[{"start":{"line":6,"column":4},"end":{"line":10,"column":5}},{"start":{"line":8,"column":10},"end":{"line":10,"column":5}}],"line":6}},"s":{"0":1,"1":0,"2":0,"3":0,"4":0},"f":{"0":0},"b":{"0":[0,0]},"_coverageSchema":"1a1c01bbd47fc00a2c39e90264f33305004495a9","hash":"c72a6d24aa19b308a937af9540347f8073aad249"}
,"C:\\Users\\Amir\\Documents\\mybrand_backend\\src\\middleware\\validations\\users.validation.js": {"path":"C:\\Users\\Amir\\Documents\\mybrand_backend\\src\\middleware\\validations\\users.validation.js","statementMap":{"0":{"start":{"line":3,"column":25},"end":{"line":11,"column":1}},"1":{"start":{"line":4,"column":22},"end":{"line":4,"column":68}},"2":{"start":{"line":5,"column":4},"end":{"line":9,"column":5}},"3":{"start":{"line":6,"column":8},"end":{"line":6,"column":57}},"4":{"start":{"line":8,"column":8},"end":{"line":8,"column":14}},"5":{"start":{"line":13,"column":24},"end":{"line":21,"column":1}},"6":{"start":{"line":15,"column":36},"end":{"line":15,"column":44}},"7":{"start":{"line":17,"column":4},"end":{"line":19,"column":5}},"8":{"start":{"line":18,"column":8},"end":{"line":18,"column":66}},"9":{"start":{"line":20,"column":4},"end":{"line":20,"column":10}},"10":{"start":{"line":22,"column":21},"end":{"line":30,"column":1}},"11":{"start":{"line":24,"column":31},"end":{"line":24,"column":39}},"12":{"start":{"line":26,"column":4},"end":{"line":28,"column":5}},"13":{"start":{"line":27,"column":8},"end":{"line":27,"column":66}},"14":{"start":{"line":29,"column":4},"end":{"line":29,"column":10}}},"fnMap":{"0":{"name":"(anonymous_0)","decl":{"start":{"line":3,"column":25},"end":{"line":3,"column":26}},"loc":{"start":{"line":3,"column":45},"end":{"line":11,"column":1}},"line":3},"1":{"name":"(anonymous_1)","decl":{"start":{"line":13,"column":24},"end":{"line":13,"column":25}},"loc":{"start":{"line":13,"column":43},"end":{"line":21,"column":1}},"line":13},"2":{"name":"(anonymous_2)","decl":{"start":{"line":22,"column":21},"end":{"line":22,"column":22}},"loc":{"start":{"line":22,"column":40},"end":{"line":30,"column":1}},"line":22}},"branchMap":{"0":{"loc":{"start":{"line":5,"column":4},"end":{"line":9,"column":5}},"type":"if","locations":[{"start":{"line":5,"column":4},"end":{"line":9,"column":5}},{"start":{"line":7,"column":10},"end":{"line":9,"column":5}}],"line":5},"1":{"loc":{"start":{"line":17,"column":4},"end":{"line":19,"column":5}},"type":"if","locations":[{"start":{"line":17,"column":4},"end":{"line":19,"column":5}},{"start":{},"end":{}}],"line":17},"2":{"loc":{"start":{"line":17,"column":10},"end":{"line":17,"column":35}},"type":"binary-expr","locations":[{"start":{"line":17,"column":10},"end":{"line":17,"column":14}},{"start":{"line":17,"column":18},"end":{"line":17,"column":23}},{"start":{"line":17,"column":27},"end":{"line":17,"column":35}}],"line":17},"3":{"loc":{"start":{"line":26,"column":4},"end":{"line":28,"column":5}},"type":"if","locations":[{"start":{"line":26,"column":4},"end":{"line":28,"column":5}},{"start":{},"end":{}}],"line":26},"4":{"loc":{"start":{"line":26,"column":10},"end":{"line":26,"column":27}},"type":"binary-expr","locations":[{"start":{"line":26,"column":10},"end":{"line":26,"column":15}},{"start":{"line":26,"column":19},"end":{"line":26,"column":27}}],"line":26}},"s":{"0":1,"1":0,"2":0,"3":0,"4":0,"5":1,"6":5,"7":5,"8":2,"9":5,"10":1,"11":0,"12":0,"13":0,"14":0},"f":{"0":0,"1":5,"2":0},"b":{"0":[0,0],"1":[2,3],"2":[5,4,3],"3":[0,0],"4":[0,0]},"_coverageSchema":"1a1c01bbd47fc00a2c39e90264f33305004495a9","hash":"d8ae1297275fc1dad5a837f1e35a68a43a7bf370"}
,"C:\\Users\\Amir\\Documents\\mybrand_backend\\src\\models\\blogsSchema.js": {"path":"C:\\Users\\Amir\\Documents\\mybrand_backend\\src\\models\\blogsSchema.js","statementMap":{"0":{"start":{"line":3,"column":17},"end":{"line":3,"column":25}},"1":{"start":{"line":5,"column":20},"end":{"line":24,"column":1}},"2":{"start":{"line":25,"column":0},"end":{"line":27,"column":3}},"3":{"start":{"line":26,"column":4},"end":{"line":26,"column":30}}},"fnMap":{"0":{"name":"(anonymous_0)","decl":{"start":{"line":25,"column":31},"end":{"line":25,"column":32}},"loc":{"start":{"line":25,"column":41},"end":{"line":27,"column":2}},"line":25}},"branchMap":{},"s":{"0":1,"1":1,"2":1,"3":0},"f":{"0":0},"b":{},"_coverageSchema":"1a1c01bbd47fc00a2c39e90264f33305004495a9","hash":"d66a7c94ae447c41a0f131586ca8551d1e06aa44"}
,"C:\\Users\\Amir\\Documents\\mybrand_backend\\src\\models\\commentsSchema.js": {"path":"C:\\Users\\Amir\\Documents\\mybrand_backend\\src\\models\\commentsSchema.js","statementMap":{"0":{"start":{"line":3,"column":17},"end":{"line":3,"column":25}},"1":{"start":{"line":5,"column":22},"end":{"line":18,"column":1}}},"fnMap":{},"branchMap":{},"s":{"0":1,"1":1},"f":{},"b":{},"_coverageSchema":"1a1c01bbd47fc00a2c39e90264f33305004495a9","hash":"da9c2e5636f0fa0c5d279fc7171fe24315bff060"}
,"C:\\Users\\Amir\\Documents\\mybrand_backend\\src\\models\\messagesSchema.js": {"path":"C:\\Users\\Amir\\Documents\\mybrand_backend\\src\\models\\messagesSchema.js","statementMap":{"0":{"start":{"line":3,"column":17},"end":{"line":3,"column":25}},"1":{"start":{"line":5,"column":22},"end":{"line":14,"column":1}}},"fnMap":{},"branchMap":{},"s":{"0":1,"1":1},"f":{},"b":{},"_coverageSchema":"1a1c01bbd47fc00a2c39e90264f33305004495a9","hash":"e57a651bfd2f2b7553625bcd2d00e8135bb2e569"}
,"C:\\Users\\Amir\\Documents\\mybrand_backend\\src\\models\\usersSchema.js": {"path":"C:\\Users\\Amir\\Documents\\mybrand_backend\\src\\models\\usersSchema.js","statementMap":{"0":{"start":{"line":5,"column":17},"end":{"line":5,"column":25}},"1":{"start":{"line":7,"column":19},"end":{"line":33,"column":1}}},"fnMap":{},"branchMap":{},"s":{"0":1,"1":1},"f":{},"b":{},"_coverageSchema":"1a1c01bbd47fc00a2c39e90264f33305004495a9","hash":"ed4e886a3e6d5e5f906ef4246cdaa62e56f3959b"}
,"C:\\Users\\Amir\\Documents\\mybrand_backend\\src\\routes\\blogs.routes.js": {"path":"C:\\Users\\Amir\\Documents\\mybrand_backend\\src\\routes\\blogs.routes.js","statementMap":{"0":{"start":{"line":7,"column":20},"end":{"line":7,"column":36}},"1":{"start":{"line":9,"column":0},"end":{"line":9,"column":94}},"2":{"start":{"line":10,"column":0},"end":{"line":10,"column":38}},"3":{"start":{"line":11,"column":0},"end":{"line":11,"column":57}},"4":{"start":{"line":12,"column":0},"end":{"line":12,"column":87}},"5":{"start":{"line":13,"column":0},"end":{"line":13,"column":72}}},"fnMap":{},"branchMap":{},"s":{"0":1,"1":1,"2":1,"3":1,"4":1,"5":1},"f":{},"b":{},"_coverageSchema":"1a1c01bbd47fc00a2c39e90264f33305004495a9","hash":"06c89022051126dae6dcabf509a0771aa91d9b36"}
,"C:\\Users\\Amir\\Documents\\mybrand_backend\\src\\routes\\comments.routes.js": {"path":"C:\\Users\\Amir\\Documents\\mybrand_backend\\src\\routes\\comments.routes.js","statementMap":{"0":{"start":{"line":9,"column":0},"end":{"line":9,"column":16}},"1":{"start":{"line":11,"column":23},"end":{"line":11,"column":39}},"2":{"start":{"line":12,"column":0},"end":{"line":12,"column":31}},"3":{"start":{"line":14,"column":0},"end":{"line":14,"column":78}},"4":{"start":{"line":15,"column":0},"end":{"line":15,"column":77}},"5":{"start":{"line":16,"column":0},"end":{"line":16,"column":85}},"6":{"start":{"line":17,"column":0},"end":{"line":17,"column":78}}},"fnMap":{},"branchMap":{},"s":{"0":1,"1":1,"2":1,"3":1,"4":1,"5":1,"6":1},"f":{},"b":{},"_coverageSchema":"1a1c01bbd47fc00a2c39e90264f33305004495a9","hash":"2fb8f791c70d3b880c958bddade961c01bc9b7f4"}
,"C:\\Users\\Amir\\Documents\\mybrand_backend\\src\\routes\\messages.routes.js": {"path":"C:\\Users\\Amir\\Documents\\mybrand_backend\\src\\routes\\messages.routes.js","statementMap":{"0":{"start":{"line":6,"column":22},"end":{"line":6,"column":38}},"1":{"start":{"line":8,"column":0},"end":{"line":8,"column":39}},"2":{"start":{"line":9,"column":0},"end":{"line":9,"column":53}},"3":{"start":{"line":10,"column":0},"end":{"line":10,"column":84}}},"fnMap":{},"branchMap":{},"s":{"0":1,"1":1,"2":1,"3":1},"f":{},"b":{},"_coverageSchema":"1a1c01bbd47fc00a2c39e90264f33305004495a9","hash":"badb7d250747c8d2bdae0479a209e4e4e538b483"}
,"C:\\Users\\Amir\\Documents\\mybrand_backend\\src\\routes\\user.routes.js": {"path":"C:\\Users\\Amir\\Documents\\mybrand_backend\\src\\routes\\user.routes.js","statementMap":{"0":{"start":{"line":7,"column":15},"end":{"line":7,"column":31}},"1":{"start":{"line":10,"column":0},"end":{"line":10,"column":51}},"2":{"start":{"line":11,"column":0},"end":{"line":11,"column":42}},"3":{"start":{"line":12,"column":0},"end":{"line":12,"column":37}},"4":{"start":{"line":13,"column":0},"end":{"line":13,"column":53}},"5":{"start":{"line":14,"column":0},"end":{"line":14,"column":61}},"6":{"start":{"line":15,"column":0},"end":{"line":15,"column":62}}},"fnMap":{},"branchMap":{},"s":{"0":1,"1":1,"2":1,"3":1,"4":1,"5":1,"6":1},"f":{},"b":{},"_coverageSchema":"1a1c01bbd47fc00a2c39e90264f33305004495a9","hash":"bcc69a2a8636c2d41b203543099e5fa0deb4c862"}
}
